#
# There is insufficient memory for the Java Runtime Environment to continue.
# Native memory allocation (malloc) failed to allocate 32744 bytes for ChunkPool::allocate
# Possible reasons:
#   The system is out of physical RAM or swap space
#   In 32 bit mode, the process size limit was hit
# Possible solutions:
#   Reduce memory load on the system
#   Increase physical memory or swap space
#   Check if swap backing store is full
#   Use 64 bit Java on a 64 bit OS
#   Decrease Java heap size (-Xmx/-Xms)
#   Decrease number of Java threads
#   Decrease Java thread stack sizes (-Xss)
#   Set larger code cache with -XX:ReservedCodeCacheSize=
# This output file may be truncated or incomplete.
#
#  Out of Memory Error (allocation.cpp:273), pid=10512, tid=0x0000000000001e28
#
# JRE version: OpenJDK Runtime Environment (8.0_76-b03) (build 1.8.0_76-release-b03)
# Java VM: OpenJDK 64-Bit Server VM (25.76-b03 mixed mode windows-amd64 compressed oops)
# Failed to write core dump. Minidumps are not enabled by default on client versions of Windows
#

---------------  T H R E A D  ---------------

Current thread (0x0000000057830800):  JavaThread "C2 CompilerThread1" daemon [_thread_in_native, id=7720, stack(0x0000000057d70000,0x0000000057e70000)]

Stack: [0x0000000057d70000,0x0000000057e70000]
[error occurred during error reporting (printing stack bounds), id 0xc0000005]

Native frames: (J=compiled Java code, j=interpreted, Vv=VM code, C=native code)


Current CompileTask:
C2:9347426 40003       4       org.gradle.internal.io.LineBufferingOutputStream::write (97 bytes)


---------------  P R O C E S S  ---------------

Java Threads: ( => current thread )
  0x0000000059caa000 JavaThread "png-cruncher_385" daemon [_thread_new, id=9068, stack(0x0000000000000000,0x0000000000000000)]
  0x0000000059ca9000 JavaThread "png-cruncher_384" daemon [_thread_blocked, id=5304, stack(0x0000000073b40000,0x0000000073c40000)]
  0x0000000059ca8800 JavaThread "png-cruncher_383" daemon [_thread_in_native, id=8092, stack(0x00000000734e0000,0x00000000735e0000)]
  0x0000000059ca7800 JavaThread "png-cruncher_382" daemon [_thread_blocked, id=9044, stack(0x0000000073c50000,0x0000000073d50000)]
  0x0000000059ca7000 JavaThread "png-cruncher_381" daemon [_thread_new, id=7952, stack(0x0000000000000000,0x0000000000000000)]
  0x0000000059f36800 JavaThread "stdout" daemon [_thread_in_native, id=5520, stack(0x0000000073830000,0x0000000073930000)]
  0x0000000059f36000 JavaThread "stderr" daemon [_thread_in_native, id=9524, stack(0x0000000073640000,0x0000000073740000)]
  0x0000000059f35000 JavaThread "stdout" daemon [_thread_in_native, id=8012, stack(0x00000000733e0000,0x00000000734e0000)]
  0x0000000059f34800 JavaThread "stderr" daemon [_thread_in_native, id=9624, stack(0x0000000070020000,0x0000000070120000)]
  0x0000000059f33800 JavaThread "stdout" daemon [_thread_in_native, id=4240, stack(0x0000000073160000,0x0000000073260000)]
  0x0000000059f33000 JavaThread "stderr" daemon [_thread_in_native, id=11136, stack(0x000000006f5f0000,0x000000006f6f0000)]
  0x0000000059f32000 JavaThread "stdout" daemon [_thread_in_native, id=5624, stack(0x0000000073280000,0x0000000073380000)]
  0x0000000059f31800 JavaThread "stderr" daemon [_thread_in_native, id=9956, stack(0x0000000072f00000,0x0000000073000000)]
  0x0000000059f30800 JavaThread "stdout" daemon [_thread_in_native, id=9480, stack(0x0000000072e00000,0x0000000072f00000)]
  0x0000000059f30000 JavaThread "stderr" daemon [_thread_in_native, id=10396, stack(0x0000000072cc0000,0x0000000072dc0000)]
  0x000000006d679800 JavaThread "png-cruncher_380" daemon [_thread_blocked, id=8260, stack(0x0000000072b60000,0x0000000072c60000)]
  0x000000005d00c000 JavaThread "png-cruncher_379" daemon [_thread_blocked, id=10052, stack(0x00000000728f0000,0x00000000729f0000)]
  0x00000000602b9800 JavaThread "png-cruncher_378" daemon [_thread_blocked, id=10104, stack(0x0000000064a00000,0x0000000064b00000)]
  0x000000005f798800 JavaThread "png-cruncher_377" daemon [_thread_blocked, id=10488, stack(0x0000000072a20000,0x0000000072b20000)]
  0x000000005f797800 JavaThread "png-cruncher_376" daemon [_thread_blocked, id=10160, stack(0x00000000727f0000,0x00000000728f0000)]
  0x000000006d67a000 JavaThread "pool-1465-thread-1" [_thread_in_native, id=10560, stack(0x0000000073000000,0x0000000073100000)]
  0x00000000602bf800 JavaThread "pool-1464-thread-4" [_thread_in_native, id=11140, stack(0x0000000072680000,0x0000000072780000)]
  0x00000000602b9000 JavaThread "pool-1464-thread-3" [_thread_in_native, id=3296, stack(0x000000006f360000,0x000000006f460000)]
  0x00000000616e4800 JavaThread "pool-1464-thread-2" [_thread_in_native, id=8592, stack(0x0000000062780000,0x0000000062880000)]
  0x00000000616e4000 JavaThread "pool-1464-thread-1" [_thread_in_native, id=8252, stack(0x000000005f1f0000,0x000000005f2f0000)]
  0x00000000616e5800 JavaThread "Stdin handler" [_thread_blocked, id=7908, stack(0x000000005a530000,0x000000005a630000)]
  0x000000005c733000 JavaThread "Asynchronous log dispatcher for org.gradle.launcher.daemon.server.DefaultDaemonConnection@8c8a7e9" [_thread_in_native, id=10708, stack(0x000000005a840000,0x000000005a940000)]
  0x000000005c732800 JavaThread "Cancel handler" [_thread_blocked, id=10468, stack(0x000000005ad40000,0x000000005ae40000)]
  0x000000005c730000 JavaThread "Handler for socket connection from /127.0.0.1:60493 to /127.0.0.1:54435" [_thread_in_native, id=9976, stack(0x000000005a6b0000,0x000000005a7b0000)]
  0x000000006d676800 JavaThread "Daemon worker Thread 17" [_thread_blocked, id=11228, stack(0x000000005abe0000,0x000000005ace0000)]
  0x000000005c72c800 JavaThread "Daemon Thread 16" [_thread_blocked, id=10328, stack(0x0000000058e30000,0x0000000058f30000)]
  0x000000005c734800 JavaThread "pool-15-thread-3" [_thread_blocked, id=8668, stack(0x000000006f700000,0x000000006f800000)]
  0x000000005c731800 JavaThread "pool-15-thread-1" [_thread_blocked, id=9668, stack(0x000000006f4f0000,0x000000006f5f0000)]
  0x000000005c738800 JavaThread "pool-15-thread-4" [_thread_blocked, id=8408, stack(0x00000000673f0000,0x00000000674f0000)]
  0x000000005c734000 JavaThread "pool-15-thread-2" [_thread_blocked, id=9900, stack(0x000000006f250000,0x000000006f350000)]
  0x000000005c72b000 JavaThread "pool-2-thread-1" [_thread_blocked, id=3048, stack(0x000000005f330000,0x000000005f430000)]
  0x000000005c729800 JavaThread "File lock request listener" [_thread_in_native, id=11128, stack(0x000000005e7a0000,0x000000005e8a0000)]
  0x00000000595d6800 JavaThread "pool-1-thread-1" [_thread_blocked, id=10432, stack(0x0000000058c60000,0x0000000058d60000)]
  0x00000000590b2800 JavaThread "Incoming local TCP Connector on port 60493" [_thread_in_native, id=9020, stack(0x000000005a210000,0x000000005a310000)]
  0x00000000578a6000 JavaThread "Service Thread" daemon [_thread_blocked, id=10600, stack(0x0000000058360000,0x0000000058460000)]
  0x0000000057832800 JavaThread "C1 CompilerThread2" daemon [_thread_blocked, id=10868, stack(0x00000000580c0000,0x00000000581c0000)]
=>0x0000000057830800 JavaThread "C2 CompilerThread1" daemon [_thread_in_native, id=7720, stack(0x0000000057d70000,0x0000000057e70000)]
  0x000000005782b800 JavaThread "C2 CompilerThread0" daemon [_thread_blocked, id=11132, stack(0x0000000057fc0000,0x00000000580c0000)]
  0x0000000057826000 JavaThread "Attach Listener" daemon [_thread_blocked, id=9492, stack(0x0000000057e70000,0x0000000057f70000)]
  0x000000005650b800 JavaThread "Signal Dispatcher" daemon [_thread_blocked, id=10996, stack(0x0000000057c50000,0x0000000057d50000)]
  0x00000000564f6800 JavaThread "Finalizer" daemon [_thread_blocked, id=10928, stack(0x0000000057440000,0x0000000057540000)]
  0x00000000564af800 JavaThread "Reference Handler" daemon [_thread_blocked, id=8040, stack(0x0000000057710000,0x0000000057810000)]
  0x000000000261d800 JavaThread "main" [_thread_blocked, id=8816, stack(0x00000000026c0000,0x00000000027c0000)]

Other Threads:
  0x00000000564a8000 VMThread [stack: 0x00000000575a0000,0x00000000576a0000] [id=9464]
  0x00000000578a7800 WatcherThread [stack: 0x0000000058220000,0x0000000058320000] [id=10900]

VM state:not at safepoint (normal execution)

VM Mutex/Monitor currently owned by a thread: None

Heap:
 PSYoungGen      total 359424K, used 126415K [0x00000000e0000000, 0x00000000ff400000, 0x0000000100000000)
  eden space 205824K, 20% used [0x00000000e0000000,0x00000000e28b13e8,0x00000000ec900000)
  from space 153600K, 55% used [0x00000000f5e00000,0x00000000fb0c2a98,0x00000000ff400000)
  to   space 152576K, 0% used [0x00000000ec900000,0x00000000ec900000,0x00000000f5e00000)
 ParOldGen       total 1048576K, used 946664K [0x00000000a0000000, 0x00000000e0000000, 0x00000000e0000000)
  object space 1048576K, 90% used [0x00000000a0000000,0x00000000d9c7a318,0x00000000e0000000)
 Metaspace       used 107740K, capacity 115862K, committed 120984K, reserved 1153024K
  class space    used 14383K, capacity 15306K, committed 17560K, reserved 1048576K

Card table byte_map: [0x0000000011c00000,0x0000000011f10000] byte_map_base: 0x0000000011700000

Marking Bits: (ParMarkBitMap*) 0x000000006a079d00
 Begin Bits: [0x0000000012820000, 0x0000000014020000)
 End Bits:   [0x0000000014020000, 0x0000000015820000)

Polling page: 0x0000000000160000

CodeCache: size=245760Kb used=109683Kb max_used=110044Kb free=136076Kb
 bounds [0x0000000002840000, 0x0000000009470000, 0x0000000011840000]
 total_blobs=26620 nmethods=25810 adapters=719
 compilation: enabled

Compilation events (10 events):
Event: 9313.379 Thread 0x0000000057832800 39999       3       com.google.common.cache.LocalCache$Segment::expand (282 bytes)
Event: 9313.381 Thread 0x0000000057832800 nmethod 39999 0x000000000435be10 code [0x000000000435c160, 0x000000000435dfd8]
Event: 9313.419 Thread 0x0000000057830800 nmethod 39990 0x00000000043c9510 code [0x00000000043c9a00, 0x00000000043d0308]
Event: 9313.710 Thread 0x0000000057832800 40000       3       com.google.common.cache.LocalCache$EntryFactory::copyEntry (19 bytes)
Event: 9313.711 Thread 0x0000000057832800 nmethod 40000 0x0000000004365750 code [0x00000000043658e0, 0x0000000004365c88]
Event: 9334.887 Thread 0x0000000057832800 40001       3       org.gradle.cache.internal.DefaultMultiProcessSafePersistentIndexedCache::onEndWork (1 bytes)
Event: 9334.887 Thread 0x0000000057832800 nmethod 40001 0x0000000004577310 code [0x0000000004577460, 0x00000000045775b0]
Event: 9345.449 Thread 0x0000000057832800 40002       3       java.io.OutputStream::write (79 bytes)
Event: 9345.450 Thread 0x0000000057832800 nmethod 40002 0x00000000043128d0 code [0x0000000004312a80, 0x0000000004313088]
Event: 9345.450 Thread 0x0000000057830800 40003       4       org.gradle.internal.io.LineBufferingOutputStream::write (97 bytes)

GC Heap History (10 events):
Event: 9292.437 GC heap before
{Heap before GC invocations=883 (full 51):
 PSYoungGen      total 377856K, used 377829K [0x00000000e0000000, 0x0000000100000000, 0x0000000100000000)
  eden space 238080K, 100% used [0x00000000e0000000,0x00000000ee880000,0x00000000ee880000)
  from space 139776K, 99% used [0x00000000ee880000,0x00000000f70f9660,0x00000000f7100000)
  to   space 146432K, 0% used [0x00000000f7100000,0x00000000f7100000,0x0000000100000000)
 ParOldGen       total 1048576K, used 902543K [0x00000000a0000000, 0x00000000e0000000, 0x00000000e0000000)
  object space 1048576K, 86% used [0x00000000a0000000,0x00000000d7163f08,0x00000000e0000000)
 Metaspace       used 107684K, capacity 115742K, committed 120984K, reserved 1153024K
  class space    used 14374K, capacity 15266K, committed 17560K, reserved 1048576K
Event: 9292.560 GC heap after
Heap after GC invocations=883 (full 51):
 PSYoungGen      total 344064K, used 96824K [0x00000000e0000000, 0x0000000100000000, 0x0000000100000000)
  eden space 197632K, 0% used [0x00000000e0000000,0x00000000e0000000,0x00000000ec100000)
  from space 146432K, 66% used [0x00000000f7100000,0x00000000fcf8e020,0x0000000100000000)
  to   space 163328K, 0% used [0x00000000ec100000,0x00000000ec100000,0x00000000f6080000)
 ParOldGen       total 1048576K, used 946648K [0x00000000a0000000, 0x00000000e0000000, 0x00000000e0000000)
  object space 1048576K, 90% used [0x00000000a0000000,0x00000000d9c76318,0x00000000e0000000)
 Metaspace       used 107684K, capacity 115742K, committed 120984K, reserved 1153024K
  class space    used 14374K, capacity 15266K, committed 17560K, reserved 1048576K
}
Event: 9293.010 GC heap before
{Heap before GC invocations=884 (full 51):
 PSYoungGen      total 344064K, used 294456K [0x00000000e0000000, 0x0000000100000000, 0x0000000100000000)
  eden space 197632K, 100% used [0x00000000e0000000,0x00000000ec100000,0x00000000ec100000)
  from space 146432K, 66% used [0x00000000f7100000,0x00000000fcf8e020,0x0000000100000000)
  to   space 163328K, 0% used [0x00000000ec100000,0x00000000ec100000,0x00000000f6080000)
 ParOldGen       total 1048576K, used 946648K [0x00000000a0000000, 0x00000000e0000000, 0x00000000e0000000)
  object space 1048576K, 90% used [0x00000000a0000000,0x00000000d9c76318,0x00000000e0000000)
 Metaspace       used 107684K, capacity 115742K, committed 120984K, reserved 1153024K
  class space    used 14374K, capacity 15266K, committed 17560K, reserved 1048576K
Event: 9293.115 GC heap after
Heap after GC invocations=884 (full 51):
 PSYoungGen      total 360960K, used 97663K [0x00000000e0000000, 0x0000000100000000, 0x0000000100000000)
  eden space 197632K, 0% used [0x00000000e0000000,0x00000000e0000000,0x00000000ec100000)
  from space 163328K, 59% used [0x00000000ec100000,0x00000000f205ff10,0x00000000f6080000)
  to   space 160768K, 0% used [0x00000000f6300000,0x00000000f6300000,0x0000000100000000)
 ParOldGen       total 1048576K, used 946648K [0x00000000a0000000, 0x00000000e0000000, 0x00000000e0000000)
  object space 1048576K, 90% used [0x00000000a0000000,0x00000000d9c76318,0x00000000e0000000)
 Metaspace       used 107684K, capacity 115742K, committed 120984K, reserved 1153024K
  class space    used 14374K, capacity 15266K, committed 17560K, reserved 1048576K
}
Event: 9293.559 GC heap before
{Heap before GC invocations=885 (full 51):
 PSYoungGen      total 360960K, used 295295K [0x00000000e0000000, 0x0000000100000000, 0x0000000100000000)
  eden space 197632K, 100% used [0x00000000e0000000,0x00000000ec100000,0x00000000ec100000)
  from space 163328K, 59% used [0x00000000ec100000,0x00000000f205ff10,0x00000000f6080000)
  to   space 160768K, 0% used [0x00000000f6300000,0x00000000f6300000,0x0000000100000000)
 ParOldGen       total 1048576K, used 946648K [0x00000000a0000000, 0x00000000e0000000, 0x00000000e0000000)
  object space 1048576K, 90% used [0x00000000a0000000,0x00000000d9c76318,0x00000000e0000000)
 Metaspace       used 107684K, capacity 115742K, committed 120984K, reserved 1153024K
  class space    used 14374K, capacity 15266K, committed 17560K, reserved 1048576K
Event: 9293.692 GC heap after
Heap after GC invocations=885 (full 51):
 PSYoungGen      total 354304K, used 115560K [0x00000000e0000000, 0x0000000100000000, 0x0000000100000000)
  eden space 193536K, 0% used [0x00000000e0000000,0x00000000e0000000,0x00000000ebd00000)
  from space 160768K, 71% used [0x00000000f6300000,0x00000000fd3da2f8,0x0000000100000000)
  to   space 165376K, 0% used [0x00000000ebd00000,0x00000000ebd00000,0x00000000f5e80000)
 ParOldGen       total 1048576K, used 946648K [0x00000000a0000000, 0x00000000e0000000, 0x00000000e0000000)
  object space 1048576K, 90% used [0x00000000a0000000,0x00000000d9c76318,0x00000000e0000000)
 Metaspace       used 107684K, capacity 115742K, committed 120984K, reserved 1153024K
  class space    used 14374K, capacity 15266K, committed 17560K, reserved 1048576K
}
Event: 9299.332 GC heap before
{Heap before GC invocations=886 (full 51):
 PSYoungGen      total 354304K, used 309096K [0x00000000e0000000, 0x0000000100000000, 0x0000000100000000)
  eden space 193536K, 100% used [0x00000000e0000000,0x00000000ebd00000,0x00000000ebd00000)
  from space 160768K, 71% used [0x00000000f6300000,0x00000000fd3da2f8,0x0000000100000000)
  to   space 165376K, 0% used [0x00000000ebd00000,0x00000000ebd00000,0x00000000f5e80000)
 ParOldGen       total 1048576K, used 946648K [0x00000000a0000000, 0x00000000e0000000, 0x00000000e0000000)
  object space 1048576K, 90% used [0x00000000a0000000,0x00000000d9c76318,0x00000000e0000000)
 Metaspace       used 107724K, capacity 115830K, committed 120984K, reserved 1153024K
  class space    used 14382K, capacity 15274K, committed 17560K, reserved 1048576K
Event: 9299.454 GC heap after
Heap after GC invocations=886 (full 51):
 PSYoungGen      total 263680K, used 69791K [0x00000000e0000000, 0x00000000ffa80000, 0x0000000100000000)
  eden space 193536K, 0% used [0x00000000e0000000,0x00000000e0000000,0x00000000ebd00000)
  from space 70144K, 99% used [0x00000000ebd00000,0x00000000f0127d28,0x00000000f0180000)
  to   space 160256K, 0% used [0x00000000f5e00000,0x00000000f5e00000,0x00000000ffa80000)
 ParOldGen       total 1048576K, used 946656K [0x00000000a0000000, 0x00000000e0000000, 0x00000000e0000000)
  object space 1048576K, 90% used [0x00000000a0000000,0x00000000d9c78318,0x00000000e0000000)
 Metaspace       used 107724K, capacity 115830K, committed 120984K, reserved 1153024K
  class space    used 14382K, capacity 15274K, committed 17560K, reserved 1048576K
}
Event: 9313.450 GC heap before
{Heap before GC invocations=887 (full 51):
 PSYoungGen      total 263680K, used 263327K [0x00000000e0000000, 0x00000000ffa80000, 0x0000000100000000)
  eden space 193536K, 100% used [0x00000000e0000000,0x00000000ebd00000,0x00000000ebd00000)
  from space 70144K, 99% used [0x00000000ebd00000,0x00000000f0127d28,0x00000000f0180000)
  to   space 160256K, 0% used [0x00000000f5e00000,0x00000000f5e00000,0x00000000ffa80000)
 ParOldGen       total 1048576K, used 946656K [0x00000000a0000000, 0x00000000e0000000, 0x00000000e0000000)
  object space 1048576K, 90% used [0x00000000a0000000,0x00000000d9c78318,0x00000000e0000000)
 Metaspace       used 107737K, capacity 115830K, committed 120984K, reserved 1153024K
  class space    used 14382K, capacity 15274K, committed 17560K, reserved 1048576K
Event: 9313.597 GC heap after
Heap after GC invocations=887 (full 51):
 PSYoungGen      total 359424K, used 84746K [0x00000000e0000000, 0x00000000ff400000, 0x0000000100000000)
  eden space 205824K, 0% used [0x00000000e0000000,0x00000000e0000000,0x00000000ec900000)
  from space 153600K, 55% used [0x00000000f5e00000,0x00000000fb0c2a98,0x00000000ff400000)
  to   space 152576K, 0% used [0x00000000ec900000,0x00000000ec900000,0x00000000f5e00000)
 ParOldGen       total 1048576K, used 946664K [0x00000000a0000000, 0x00000000e0000000, 0x00000000e0000000)
  object space 1048576K, 90% used [0x00000000a0000000,0x00000000d9c7a318,0x00000000e0000000)
 Metaspace       used 107737K, capacity 115830K, committed 120984K, reserved 1153024K
  class space    used 14382K, capacity 15274K, committed 17560K, reserved 1048576K
}

Deoptimization events (10 events):
Event: 9179.502 Thread 0x000000006d676800 Uncommon trap: reason=null_check action=make_not_entrant pc=0x00000000083a8790 method=org.codehaus.groovy.runtime.typehandling.DefaultTypeTransformation.castToType(Ljava/lang/Object;Ljava/lang/Class;)Ljava/lang/Object; @ 65
Event: 9190.041 Thread 0x000000006d676800 Uncommon trap: reason=class_check action=maybe_recompile pc=0x000000000885554c method=com.sun.tools.javac.jvm.ClassReader.complete(Lcom/sun/tools/javac/code/Symbol;)V @ 82
Event: 9190.279 Thread 0x000000006d676800 Uncommon trap: reason=bimorphic action=maybe_recompile pc=0x00000000065d7208 method=com.sun.tools.javac.jvm.ClassReader$13.read(Lcom/sun/tools/javac/code/Symbol;I)V @ 166
Event: 9190.474 Thread 0x000000006d676800 Uncommon trap: reason=class_check action=maybe_recompile pc=0x0000000004d9de6c method=com.sun.tools.javac.comp.Attr.attribTypeVariables(Lcom/sun/tools/javac/util/List;Lcom/sun/tools/javac/comp/Env;)V @ 64
Event: 9190.601 Thread 0x000000006d676800 Uncommon trap: reason=class_check action=maybe_recompile pc=0x0000000004d9de6c method=com.sun.tools.javac.comp.Attr.attribTypeVariables(Lcom/sun/tools/javac/util/List;Lcom/sun/tools/javac/comp/Env;)V @ 64
Event: 9191.823 Thread 0x000000006d676800 Uncommon trap: reason=bimorphic action=maybe_recompile pc=0x000000000559c0dc method=com.sun.tools.javac.jvm.Gen.visitSelect(Lcom/sun/tools/javac/tree/JCTree$JCFieldAccess;)V @ 203
Event: 9199.668 Thread 0x000000006d676800 Uncommon trap: reason=speculate_class_check action=maybe_recompile pc=0x00000000055e9b00 method=com.sun.tools.javac.code.Types$4.visitType(Lcom/sun/tools/javac/code/Type;Lcom/sun/tools/javac/code/Type;)Ljava/lang/Boolean; @ 91
Event: 9264.065 Thread 0x000000006d676800 Uncommon trap: reason=class_check action=maybe_recompile pc=0x000000000885554c method=com.sun.tools.javac.jvm.ClassReader.complete(Lcom/sun/tools/javac/code/Symbol;)V @ 82
Event: 9264.287 Thread 0x000000006d676800 Uncommon trap: reason=bimorphic action=maybe_recompile pc=0x00000000065d7208 method=com.sun.tools.javac.jvm.ClassReader$13.read(Lcom/sun/tools/javac/code/Symbol;I)V @ 166
Event: 9273.944 Thread 0x000000006d676800 Uncommon trap: reason=speculate_class_check action=maybe_recompile pc=0x000000000514f2f8 method=com.sun.tools.javac.code.Types$4.visitType(Lcom/sun/tools/javac/code/Type;Lcom/sun/tools/javac/code/Type;)Ljava/lang/Boolean; @ 91

Internal exceptions (10 events):
Event: 9179.487 Thread 0x000000006d676800 Exception <a 'sun/nio/fs/WindowsException'> (0x00000000e4be3b38) thrown at [C:\src\android\AOSP-openjdk\external\jetbrains\jdk\hotspot\src\share\vm\prims\jni.cpp, line 709]
Event: 9240.857 Thread 0x000000005c72b000 Exception <a 'sun/nio/fs/WindowsException'> (0x00000000e01cf130) thrown at [C:\src\android\AOSP-openjdk\external\jetbrains\jdk\hotspot\src\share\vm\prims\jni.cpp, line 709]
Event: 9252.574 Thread 0x000000006d676800 Exception <a 'java/lang/ClassNotFoundException': asLocalRepo65_cwdthxi3klugvl2qv0jju2dseBeanInfo> (0x00000000e00d7728) thrown at [C:\src\android\AOSP-openjdk\external\jetbrains\jdk\hotspot\src\share\vm\classfile\systemDictionary.cpp, line 210]
Event: 9252.574 Thread 0x000000006d676800 Exception <a 'java/lang/ClassNotFoundException': asLocalRepo65_cwdthxi3klugvl2qv0jju2dseCustomizer> (0x00000000e00e1448) thrown at [C:\src\android\AOSP-openjdk\external\jetbrains\jdk\hotspot\src\share\vm\classfile\systemDictionary.cpp, line 210]
Event: 9253.016 Thread 0x000000006d676800 Exception <a 'sun/nio/fs/WindowsException'> (0x00000000e48848d8) thrown at [C:\src\android\AOSP-openjdk\external\jetbrains\jdk\hotspot\src\share\vm\prims\jni.cpp, line 709]
Event: 9298.703 Thread 0x000000006d676800 Exception <a 'java/lang/ClassNotFoundException': asLocalRepo321_d0n2lafzoqd3ai5f9009av3x8BeanInfo> (0x00000000e654f7f0) thrown at [C:\src\android\AOSP-openjdk\external\jetbrains\jdk\hotspot\src\share\vm\classfile\systemDictionary.cpp, line 210]
Event: 9298.703 Thread 0x000000006d676800 Exception <a 'java/lang/ClassNotFoundException': asLocalRepo321_d0n2lafzoqd3ai5f9009av3x8Customizer> (0x00000000e6559550) thrown at [C:\src\android\AOSP-openjdk\external\jetbrains\jdk\hotspot\src\share\vm\classfile\systemDictionary.cpp, line 210]
Event: 9299.139 Thread 0x000000006d676800 Exception <a 'sun/nio/fs/WindowsException'> (0x00000000ead2a3b8) thrown at [C:\src\android\AOSP-openjdk\external\jetbrains\jdk\hotspot\src\share\vm\prims\jni.cpp, line 709]
Event: 9345.446 Thread 0x0000000059ca7800 Exception <a 'java/io/IOException': CreateProcess error=1455, 页面文件太小，无法完成操作。> (0x00000000e27b02a8) thrown at [C:\src\android\AOSP-openjdk\external\jetbrains\jdk\hotspot\src\share\vm\prims\jni.cpp, line 735]
Event: 9345.448 Thread 0x0000000059ca9000 Exception <a 'java/io/IOException': CreateProcess error=1455, 页面文件太小，无法完成操作。> (0x00000000e2805ed0) thrown at [C:\src\android\AOSP-openjdk\external\jetbrains\jdk\hotspot\src\share\vm\prims\jni.cpp, line 735]

Events (10 events):
Event: 9345.443 Thread 0x0000000059ca7800 Thread added: 0x0000000059ca7800
Event: 9345.443 Thread 0x0000000059ca8800 Thread added: 0x0000000059ca8800
Event: 9345.444 Thread 0x0000000059ca9000 Thread added: 0x0000000059ca9000
Event: 9345.444 Thread 0x0000000059caa000 Thread added: 0x0000000059caa000
Event: 9345.446 loading class java/lang/Throwable$WrappedPrintStream
Event: 9345.448 loading class java/lang/Throwable$WrappedPrintStream done
Event: 9345.451 Thread 0x0000000057832800 flushing nmethod 0x0000000002a7cd10
Event: 9345.451 Thread 0x0000000057832800 flushing nmethod 0x0000000002aac710
Event: 9345.452 Thread 0x0000000057832800 flushing nmethod 0x0000000002afe250
Event: 9345.452 Thread 0x0000000057832800 flushing nmethod 0x0000000002c0f310


Dynamic libraries:
0x000000013f9f0000 - 0x000000013fa21000 	D:\as2\android-studio\jre\bin\java.exe
0x0000000077960000 - 0x0000000077b0a000 	C:\Windows\SYSTEM32\ntdll.dll
0x0000000077740000 - 0x000000007785f000 	C:\Windows\system32\kernel32.dll
0x000007fefdbc0000 - 0x000007fefdc2b000 	C:\Windows\system32\KERNELBASE.dll
0x000007fefe400000 - 0x000007fefe4db000 	C:\Windows\system32\ADVAPI32.dll
0x000007feff810000 - 0x000007feff8af000 	C:\Windows\system32\msvcrt.dll
0x000007fefe530000 - 0x000007fefe54f000 	C:\Windows\SYSTEM32\sechost.dll
0x000007feff3d0000 - 0x000007feff4fd000 	C:\Windows\system32\RPCRT4.dll
0x0000000077860000 - 0x000000007795a000 	C:\Windows\system32\USER32.dll
0x000007feff920000 - 0x000007feff987000 	C:\Windows\system32\GDI32.dll
0x000007feff910000 - 0x000007feff91e000 	C:\Windows\system32\LPK.dll
0x000007feffb20000 - 0x000007feffbea000 	C:\Windows\system32\USP10.dll
0x000007fefc3d0000 - 0x000007fefc5c4000 	C:\Windows\WinSxS\amd64_microsoft.windows.common-controls_6595b64144ccf1df_6.0.7601.18837_none_fa3b1e3d17594757\COMCTL32.dll
0x000007feffbf0000 - 0x000007feffc61000 	C:\Windows\system32\SHLWAPI.dll
0x000007fefe4e0000 - 0x000007fefe50e000 	C:\Windows\system32\IMM32.DLL
0x000007feff990000 - 0x000007feffa99000 	C:\Windows\system32\MSCTF.dll
0x000000005f680000 - 0x000000005f752000 	D:\as2\android-studio\jre\jre\bin\msvcr100.dll
0x00000000698c0000 - 0x000000006a0f4000 	D:\as2\android-studio\jre\jre\bin\server\jvm.dll
0x000007fef1cd0000 - 0x000007fef1cd9000 	C:\Windows\system32\WSOCK32.dll
0x000007fefe550000 - 0x000007fefe59d000 	C:\Windows\system32\WS2_32.dll
0x000007fefdda0000 - 0x000007fefdda8000 	C:\Windows\system32\NSI.dll
0x000007fefac30000 - 0x000007fefac6b000 	C:\Windows\system32\WINMM.dll
0x000007fefd280000 - 0x000007fefd28c000 	C:\Windows\system32\VERSION.dll
0x0000000077b30000 - 0x0000000077b37000 	C:\Windows\system32\PSAPI.DLL
0x000007fef1990000 - 0x000007fef199f000 	D:\as2\android-studio\jre\jre\bin\verify.dll
0x000007fef1900000 - 0x000007fef1929000 	D:\as2\android-studio\jre\jre\bin\java.dll
0x000007fef1680000 - 0x000007fef1696000 	D:\as2\android-studio\jre\jre\bin\zip.dll
0x000007fefe640000 - 0x000007feff3c9000 	C:\Windows\system32\SHELL32.dll
0x000007fefe010000 - 0x000007fefe213000 	C:\Windows\system32\ole32.dll
0x000007fefd860000 - 0x000007fefd86f000 	C:\Windows\system32\profapi.dll
0x000007fef07c0000 - 0x000007fef07da000 	D:\as2\android-studio\jre\jre\bin\net.dll
0x000007fefcdd0000 - 0x000007fefce25000 	C:\Windows\system32\mswsock.dll
0x000007fefcdc0000 - 0x000007fefcdc7000 	C:\Windows\System32\wship6.dll
0x000007fef07a0000 - 0x000007fef07b1000 	D:\as2\android-studio\jre\jre\bin\nio.dll
0x000007fef0430000 - 0x000007fef0442000 	C:\Users\Administrator.PC201605051820\.gradle\native\19\windows-amd64\native-platform.dll
0x000007fefce30000 - 0x000007fefce47000 	C:\Windows\system32\CRYPTSP.dll
0x000007fefcb30000 - 0x000007fefcb77000 	C:\Windows\system32\rsaenh.dll
0x000007fefd3e0000 - 0x000007fefd3fe000 	C:\Windows\system32\USERENV.dll
0x000007fefd790000 - 0x000007fefd79f000 	C:\Windows\system32\CRYPTBASE.dll
0x000007fefd2a0000 - 0x000007fefd2c7000 	C:\Windows\system32\IPHLPAPI.DLL
0x000007fefd290000 - 0x000007fefd29b000 	C:\Windows\system32\WINNSI.DLL
0x000007fef7060000 - 0x000007fef7078000 	C:\Windows\system32\dhcpcsvc.DLL
0x000007fef6f60000 - 0x000007fef6f71000 	C:\Windows\system32\dhcpcsvc6.DLL
0x000007fef1980000 - 0x000007fef198d000 	D:\as2\android-studio\jre\jre\bin\management.dll
0x000007fefd730000 - 0x000007fefd787000 	C:\Windows\system32\apphelp.dll

VM Arguments:
jvm_args: -Xmx1536m -Dfile.encoding=GBK -Duser.country=CN -Duser.language=zh -Duser.variant 
java_command: org.gradle.launcher.daemon.bootstrap.GradleDaemon 2.14.1
java_class_path (initial): C:\Users\Administrator.PC201605051820\.gradle\wrapper\dists\gradle-2.14.1-all\8bnwg5hd3w55iofp58khbp6yv\gradle-2.14.1\lib\gradle-launcher-2.14.1.jar
Launcher Type: SUN_STANDARD

Environment Variables:
JAVA_HOME=C:\Program Files\Java\jdk1.7.0_45
CLASSPATH=.;C:\Program Files\Java\jdk1.7.0_45\lib;C:\Program Files\Java\jdk1.7.0_45\lib\tools.jar
PATH=C:\Program Files\Java\jdk1.7.0_45\bin;C:\Program Files\Java\jdk1.7.0_45\jre\bin;C:\Windows\system32;C:\Windows;C:\Windows\System32\Wbem;C:\Windows\System32\WindowsPowerShell\v1.0\;C:\Program Files (x86)\AMD\ATI.ACE\Core-Static;C:\Program Files\TortoiseSVN\bin;C:\MySQL Server 5.5\bin;D:\sdk;D:\apache-tomcat-7.0.52\bin\
USERNAME=Administrator
OS=Windows_NT
PROCESSOR_IDENTIFIER=Intel64 Family 6 Model 78 Stepping 3, GenuineIntel



---------------  S Y S T E M  ---------------

OS: Windows 7 , 64 bit Build 7601 (6.1.7601.19135)

CPU:total 4 (2 cores per cpu, 2 threads per core) family 6 model 78 stepping 3, cmov, cx8, fxsr, mmx, sse, sse2, sse3, ssse3, sse4.1, sse4.2, popcnt, avx, avx2, aes, clmul, erms, 3dnowpref, lzcnt, ht, tsc, tscinvbit, bmi1, bmi2, adx

Memory: 4k page, physical 8245252k(471928k free), swap 10340568k(4708k free)

vm_info: OpenJDK 64-Bit Server VM (25.76-b03) for windows-amd64 JRE (1.8.0_76-release-b03), built on Jun 29 2016 19:09:20 by "ralucas" with MS VC++ 10.0 (VS2010)

time: Wed Sep 06 17:00:15 2017
elapsed time: 9345 seconds (0d 2h 35m 45s)

